<?xml version="1.0" encoding="UTF-8"?>
<!-- Generated by org.testng.reporters.JUnitReportReporter -->
<testsuite skipped="0" hostname="Riyaz" name="com.qa.SearchTest.AmazonDemo2" tests="1" failures="0" timestamp="05 Dec 2020 16:09:20 GMT" time="103.080" errors="0">
  <testcase name="amazonTest" time="103.080" classname="com.qa.SearchTest.AmazonDemo2"/>
</testsuite> <!-- com.qa.SearchTest.AmazonDemo2 -->
